-------------------------------------------------------------------------------------------------------------------------------
      name:  <unnamed>
       log:  D:\user-archive\alice\ipi estimation\cipi.log
  log type:  text
 opened on:   2 Mar 2013, 18:37:27

. 
. * cipi.do Feb 2013
. * estimate provincial compound investment price index - cipi
. 
. tempfile t1 t2 t3 t4

. 
. * input nominal investment data
. insheet using ni.csv, names clear
(57 vars, 31 obs)

. qui destring, replace

. d

Contains data
  obs:            31                          
 vars:            57                          
 size:         6,975                          
-------------------------------------------------------------------------------------------------------------------------------
              storage  display     value
variable name   type   format      label      variable label
-------------------------------------------------------------------------------------------------------------------------------
provcode        byte   %8.0g                  
y1949           float  %9.0g                  
y1950           float  %9.0g                  
y1951           float  %9.0g                  
y1952           float  %9.0g                  
y1953           float  %9.0g                  
y1954           float  %9.0g                  
y1955           float  %9.0g                  
y1956           float  %9.0g                  
y1957           float  %9.0g                  
y1958           float  %9.0g                  
y1959           float  %9.0g                  
y1960           float  %9.0g                  
y1961           float  %9.0g                  
y1962           float  %9.0g                  
y1963           float  %9.0g                  
y1964           float  %9.0g                  
y1965           float  %9.0g                  
y1966           float  %9.0g                  
y1967           float  %9.0g                  
y1968           float  %9.0g                  
y1969           float  %9.0g                  
y1970           float  %9.0g                  
y1971           float  %9.0g                  
y1972           float  %9.0g                  
y1973           float  %9.0g                  
y1974           float  %9.0g                  
y1975           float  %9.0g                  
y1976           float  %9.0g                  
y1977           float  %9.0g                  
y1978           float  %9.0g                  
y1979           float  %9.0g                  
y1980           float  %9.0g                  
y1981           float  %9.0g                  
y1982           float  %9.0g                  
y1983           float  %9.0g                  
y1984           float  %9.0g                  
y1985           float  %9.0g                  
y1986           float  %9.0g                  
y1987           float  %9.0g                  
y1988           float  %9.0g                  
y1989           float  %9.0g                  
y1990           float  %9.0g                  
y1991           float  %9.0g                  
y1992           float  %9.0g                  
y1993           float  %9.0g                  
y1994           float  %9.0g                  
y1995           float  %9.0g                  
y1996           float  %9.0g                  
y1997           float  %9.0g                  
y1998           float  %9.0g                  
y1999           float  %9.0g                  
y2000           float  %9.0g                  
y2001           float  %9.0g                  
y2002           float  %9.0g                  
y2003           float  %9.0g                  
y2004           float  %9.0g                  
-------------------------------------------------------------------------------------------------------------------------------
Sorted by:  
     Note:  dataset has changed since last saved

. sum

    Variable |       Obs        Mean    Std. Dev.       Min        Max
-------------+--------------------------------------------------------
    provcode |        31    38.87097    16.67881         11         65
       y1949 |         1         .07           .        .07        .07
       y1950 |         1          .1           .         .1         .1
       y1951 |         1         .31           .        .31        .31
       y1952 |        23    2.733043    2.111564        .31        8.6
-------------+--------------------------------------------------------
       y1953 |        23    3.824348    2.507267         .7       10.8
       y1954 |        23    4.561739    2.915968       1.43       14.2
       y1955 |        23     4.87913    2.856404        .81       11.2
       y1956 |        23    6.632174    3.193088       2.07         14
       y1957 |        23    6.706956    3.572023       2.07       14.4
-------------+--------------------------------------------------------
       y1958 |        23    12.87913    5.802907       4.91       26.8
       y1959 |        23    15.77087    6.753418       6.56       34.1
       y1960 |        23    17.76826    7.902078        7.8       39.6
       y1961 |        23    6.373043    3.024213       1.65       11.4
       y1962 |        23    4.241739    2.919405         .4       10.5
-------------+--------------------------------------------------------
       y1963 |        23    5.672174    3.293706        2.3       14.8
       y1964 |        24    7.589167    3.695332          1       19.1
       y1965 |        24     9.16125    3.989942        1.5       20.7
       y1966 |        24    10.13375    3.930465        2.6       17.5
       y1967 |        24    7.429583    3.706997        1.5       15.8
-------------+--------------------------------------------------------
       y1968 |        24       6.815    3.453234        1.1       14.4
       y1969 |        24      9.4975    4.360997        1.4       19.2
       y1970 |        24    13.83125    6.503796        3.3      28.82
       y1971 |        24    15.94708    6.952458        3.1      27.91
       y1972 |        24       16.12    6.217353       5.47      25.81
-------------+--------------------------------------------------------
       y1973 |        24    17.04167    6.711424        2.9      29.36
       y1974 |        24    18.11833    7.492217        3.7      33.18
       y1975 |        24       21.15    10.38955        3.6         43
       y1976 |        24    19.86667    10.54589          4       46.1
       y1977 |        24    21.92042    12.19155          5       55.7
-------------+--------------------------------------------------------
       y1978 |        29    25.85276    12.96051        2.2       62.3
       y1979 |        29    28.61862    14.49436        2.2       65.5
       y1980 |        29    31.43621    16.47014        2.3       71.3
       y1981 |        29    31.99034    19.03344        3.4         82
       y1982 |        29    41.36793      26.213        6.9      102.3
-------------+--------------------------------------------------------
       y1983 |        29    48.60655    29.25422        6.4      121.1
       y1984 |        29    61.83655    36.61255       10.4      153.9
       y1985 |        29     82.9831    48.78641       15.6      195.4
       y1986 |        29     96.5069    58.66781       15.3      240.4
       y1987 |        29    115.1538    74.56323       18.8      303.5
-------------+--------------------------------------------------------
       y1988 |        30     138.858    93.88697       20.4      390.5
       y1989 |        30    134.6447    89.72186       16.2      336.2
       y1990 |        30    152.0663    104.9801       20.4      412.6
       y1991 |        30    184.4657    128.8512       23.9      555.8
       y1992 |        30    256.2783    196.5817         29      759.2
-------------+--------------------------------------------------------
       y1993 |        30    392.8363    314.7646         41     1275.4
       y1994 |        30     520.479    401.7886       47.8     1639.8
       y1995 |        30      651.83    514.1695       57.5     2059.4
       y1996 |        31    748.8674    595.2804      77.32     2240.8
       y1997 |        31    827.9758    641.9246       88.1       2296
-------------+--------------------------------------------------------
       y1998 |        31    944.1068    717.0106     108.65     2651.2
       y1999 |        31    1015.373    780.5076     130.61     2974.3
       y2000 |        31    1132.747    869.9455        157     3200.8
       y2001 |        31    1265.547    957.8385     195.81     3570.6
       y2002 |        31     1457.91    1102.446      223.7     4261.9
-------------+--------------------------------------------------------
       y2003 |        31    1821.456     1424.75        263     5480.8
       y2004 |        31    2307.663    1819.859      307.9     7033.2

. reshape long y, i(provcode) j(year)
(note: j = 1949 1950 1951 1952 1953 1954 1955 1956 1957 1958 1959 1960 1961 1962 1963 1964 1965 1966 1967 1968 1969 1970 1971 1
> 972 1973 1974 1975 1976 1977 1978 1979 1980 1981 1982 1983 1984 1985 1986 1987 1988 1989 1990 1991 1992 1993 1994 1995 1996 1
> 997 1998 1999 2000 2001 2002 2003 2004)

Data                               wide   ->   long
-----------------------------------------------------------------------------
Number of obs.                       31   ->    1736
Number of variables                  57   ->       3
j variable (56 values)                    ->   year
xij variables:
                  y1949 y1950 ... y2004   ->   y
-----------------------------------------------------------------------------

. ren y ni

. la var ni "nominal investment, 1952-2004"

. 
. * years 1952-2004
. drop if year<1952
(93 observations deleted)

. 
. * combine sichuan (51) and chongqing (50)
. tab provcode

   provcode |      Freq.     Percent        Cum.
------------+-----------------------------------
         11 |         53        3.23        3.23
         12 |         53        3.23        6.45
         13 |         53        3.23        9.68
         14 |         53        3.23       12.90
         15 |         53        3.23       16.13
         21 |         53        3.23       19.35
         22 |         53        3.23       22.58
         23 |         53        3.23       25.81
         31 |         53        3.23       29.03
         32 |         53        3.23       32.26
         33 |         53        3.23       35.48
         34 |         53        3.23       38.71
         35 |         53        3.23       41.94
         36 |         53        3.23       45.16
         37 |         53        3.23       48.39
         41 |         53        3.23       51.61
         42 |         53        3.23       54.84
         43 |         53        3.23       58.06
         44 |         53        3.23       61.29
         45 |         53        3.23       64.52
         46 |         53        3.23       67.74
         50 |         53        3.23       70.97
         51 |         53        3.23       74.19
         52 |         53        3.23       77.42
         53 |         53        3.23       80.65
         54 |         53        3.23       83.87
         61 |         53        3.23       87.10
         62 |         53        3.23       90.32
         63 |         53        3.23       93.55
         64 |         53        3.23       96.77
         65 |         53        3.23      100.00
------------+-----------------------------------
      Total |      1,643      100.00

. sort year provcode

. list year provcode ni if provcode==50 | provcode==51, sep(0)

      +--------------------------+
      | year   provcode       ni |
      |--------------------------|
  22. | 1952         50        . |
  23. | 1952         51        . |
  53. | 1953         50        . |
  54. | 1953         51        . |
  84. | 1954         50        . |
  85. | 1954         51        . |
 115. | 1955         50        . |
 116. | 1955         51        . |
 146. | 1956         50        . |
 147. | 1956         51        . |
 177. | 1957         50        . |
 178. | 1957         51        . |
 208. | 1958         50        . |
 209. | 1958         51        . |
 239. | 1959         50        . |
 240. | 1959         51        . |
 270. | 1960         50        . |
 271. | 1960         51        . |
 301. | 1961         50        . |
 302. | 1961         51        . |
 332. | 1962         50        . |
 333. | 1962         51        . |
 363. | 1963         50        . |
 364. | 1963         51        . |
 394. | 1964         50        . |
 395. | 1964         51        . |
 425. | 1965         50        . |
 426. | 1965         51        . |
 456. | 1966         50        . |
 457. | 1966         51        . |
 487. | 1967         50        . |
 488. | 1967         51        . |
 518. | 1968         50        . |
 519. | 1968         51        . |
 549. | 1969         50        . |
 550. | 1969         51        . |
 580. | 1970         50        . |
 581. | 1970         51        . |
 611. | 1971         50        . |
 612. | 1971         51        . |
 642. | 1972         50        . |
 643. | 1972         51        . |
 673. | 1973         50        . |
 674. | 1973         51        . |
 704. | 1974         50        . |
 705. | 1974         51        . |
 735. | 1975         50        . |
 736. | 1975         51        . |
 766. | 1976         50        . |
 767. | 1976         51        . |
 797. | 1977         50        . |
 798. | 1977         51        . |
 828. | 1978         50        . |
 829. | 1978         51       35 |
 859. | 1979         50        . |
 860. | 1979         51     37.9 |
 890. | 1980         50        . |
 891. | 1980         51     43.4 |
 921. | 1981         50        . |
 922. | 1981         51     47.7 |
 952. | 1982         50        . |
 953. | 1982         51     58.3 |
 983. | 1983         50        . |
 984. | 1983         51     70.6 |
1014. | 1984         50        . |
1015. | 1984         51     82.9 |
1045. | 1985         50        . |
1046. | 1985         51    105.3 |
1076. | 1986         50        . |
1077. | 1986         51    117.8 |
1107. | 1987         50        . |
1108. | 1987         51    143.3 |
1138. | 1988         50        . |
1139. | 1988         51    180.5 |
1169. | 1989         50        . |
1170. | 1989         51    193.2 |
1200. | 1990         50        . |
1201. | 1990         51    213.3 |
1231. | 1991         50        . |
1232. | 1991         51    235.2 |
1262. | 1992         50        . |
1263. | 1992         51    300.1 |
1293. | 1993         50        . |
1294. | 1993         51    381.2 |
1324. | 1994         50        . |
1325. | 1994         51    533.9 |
1355. | 1995         50        . |
1356. | 1995         51    699.3 |
1386. | 1996         50    313.6 |
1387. | 1996         51    850.4 |
1417. | 1997         50    392.7 |
1418. | 1997         51    977.3 |
1448. | 1998         50    516.3 |
1449. | 1998         51   1185.2 |
1479. | 1999         50      559 |
1480. | 1999         51   1229.8 |
1510. | 2000         50    633.4 |
1511. | 2000         51   1409.7 |
1541. | 2001         50    760.3 |
1542. | 2001         51   1576.3 |
1572. | 2002         50    931.5 |
1573. | 2002         51   1819.3 |
1603. | 2003         50   1244.8 |
1604. | 2003         51   2174.8 |
1634. | 2004         50     1553 |
1635. | 2004         51   2700.4 |
      +--------------------------+

. replace ni=0 if ni==. & provcode==50
(44 real changes made)

. replace ni=ni+ni[_n-1] if provcode==51
(9 real changes made)

. list year provcode ni if provcode==50 | provcode==51, sep(0)

      +--------------------------+
      | year   provcode       ni |
      |--------------------------|
  22. | 1952         50        0 |
  23. | 1952         51        . |
  53. | 1953         50        0 |
  54. | 1953         51        . |
  84. | 1954         50        0 |
  85. | 1954         51        . |
 115. | 1955         50        0 |
 116. | 1955         51        . |
 146. | 1956         50        0 |
 147. | 1956         51        . |
 177. | 1957         50        0 |
 178. | 1957         51        . |
 208. | 1958         50        0 |
 209. | 1958         51        . |
 239. | 1959         50        0 |
 240. | 1959         51        . |
 270. | 1960         50        0 |
 271. | 1960         51        . |
 301. | 1961         50        0 |
 302. | 1961         51        . |
 332. | 1962         50        0 |
 333. | 1962         51        . |
 363. | 1963         50        0 |
 364. | 1963         51        . |
 394. | 1964         50        0 |
 395. | 1964         51        . |
 425. | 1965         50        0 |
 426. | 1965         51        . |
 456. | 1966         50        0 |
 457. | 1966         51        . |
 487. | 1967         50        0 |
 488. | 1967         51        . |
 518. | 1968         50        0 |
 519. | 1968         51        . |
 549. | 1969         50        0 |
 550. | 1969         51        . |
 580. | 1970         50        0 |
 581. | 1970         51        . |
 611. | 1971         50        0 |
 612. | 1971         51        . |
 642. | 1972         50        0 |
 643. | 1972         51        . |
 673. | 1973         50        0 |
 674. | 1973         51        . |
 704. | 1974         50        0 |
 705. | 1974         51        . |
 735. | 1975         50        0 |
 736. | 1975         51        . |
 766. | 1976         50        0 |
 767. | 1976         51        . |
 797. | 1977         50        0 |
 798. | 1977         51        . |
 828. | 1978         50        0 |
 829. | 1978         51       35 |
 859. | 1979         50        0 |
 860. | 1979         51     37.9 |
 890. | 1980         50        0 |
 891. | 1980         51     43.4 |
 921. | 1981         50        0 |
 922. | 1981         51     47.7 |
 952. | 1982         50        0 |
 953. | 1982         51     58.3 |
 983. | 1983         50        0 |
 984. | 1983         51     70.6 |
1014. | 1984         50        0 |
1015. | 1984         51     82.9 |
1045. | 1985         50        0 |
1046. | 1985         51    105.3 |
1076. | 1986         50        0 |
1077. | 1986         51    117.8 |
1107. | 1987         50        0 |
1108. | 1987         51    143.3 |
1138. | 1988         50        0 |
1139. | 1988         51    180.5 |
1169. | 1989         50        0 |
1170. | 1989         51    193.2 |
1200. | 1990         50        0 |
1201. | 1990         51    213.3 |
1231. | 1991         50        0 |
1232. | 1991         51    235.2 |
1262. | 1992         50        0 |
1263. | 1992         51    300.1 |
1293. | 1993         50        0 |
1294. | 1993         51    381.2 |
1324. | 1994         50        0 |
1325. | 1994         51    533.9 |
1355. | 1995         50        0 |
1356. | 1995         51    699.3 |
1386. | 1996         50    313.6 |
1387. | 1996         51     1164 |
1417. | 1997         50    392.7 |
1418. | 1997         51     1370 |
1448. | 1998         50    516.3 |
1449. | 1998         51   1701.5 |
1479. | 1999         50      559 |
1480. | 1999         51   1788.8 |
1510. | 2000         50    633.4 |
1511. | 2000         51   2043.1 |
1541. | 2001         50    760.3 |
1542. | 2001         51   2336.6 |
1572. | 2002         50    931.5 |
1573. | 2002         51   2750.8 |
1603. | 2003         50   1244.8 |
1604. | 2003         51   3419.6 |
1634. | 2004         50     1553 |
1635. | 2004         51   4253.4 |
      +--------------------------+

. drop if provcode==50
(53 observations deleted)

. 
. sort provcode year

. save `t1'
file C:\Users\lhao2\AppData\Local\Temp\4\ST_01000001.tmp saved

. d

Contains data from C:\Users\lhao2\AppData\Local\Temp\4\ST_01000001.tmp
  obs:         1,590                          
 vars:             3                          2 Mar 2013 18:37
 size:        11,130                          
-------------------------------------------------------------------------------------------------------------------------------
              storage  display     value
variable name   type   format      label      variable label
-------------------------------------------------------------------------------------------------------------------------------
provcode        byte   %8.0g                  
year            int    %9.0g                  
ni              float  %9.0g                  nominal investment, 1952-2004
-------------------------------------------------------------------------------------------------------------------------------
Sorted by:  provcode  year

. sum

    Variable |       Obs        Mean    Std. Dev.       Min        Max
-------------+--------------------------------------------------------
    provcode |      1590        38.5    16.55563         11         65
        year |      1590        1978    15.30187       1952       2004
          ni |      1412     321.012    731.2772        .31     7033.2

. 
. * input real capital stock
. insheet using capital_52_05.csv, names clear
(3 vars, 1620 obs)

. * years 1952-2004
. drop if year==2005
(30 observations deleted)

. qui destring, replace

. tab provcode

   provcode |      Freq.     Percent        Cum.
------------+-----------------------------------
         11 |         53        3.33        3.33
         12 |         53        3.33        6.67
         13 |         53        3.33       10.00
         14 |         53        3.33       13.33
         15 |         53        3.33       16.67
         21 |         53        3.33       20.00
         22 |         53        3.33       23.33
         23 |         53        3.33       26.67
         31 |         53        3.33       30.00
         32 |         53        3.33       33.33
         33 |         53        3.33       36.67
         34 |         53        3.33       40.00
         35 |         53        3.33       43.33
         36 |         53        3.33       46.67
         37 |         53        3.33       50.00
         41 |         53        3.33       53.33
         42 |         53        3.33       56.67
         43 |         53        3.33       60.00
         44 |         53        3.33       63.33
         45 |         53        3.33       66.67
         46 |         53        3.33       70.00
         51 |         53        3.33       73.33
         52 |         53        3.33       76.67
         53 |         53        3.33       80.00
         54 |         53        3.33       83.33
         61 |         53        3.33       86.67
         62 |         53        3.33       90.00
         63 |         53        3.33       93.33
         64 |         53        3.33       96.67
         65 |         53        3.33      100.00
------------+-----------------------------------
      Total |      1,590      100.00

. 
. sort provcode year

. merge 1:1 provcode year using `t1'

    Result                           # of obs.
    -----------------------------------------
    not matched                             0
    matched                             1,590  (_merge==3)
    -----------------------------------------

. drop _merge

. 
. * region
. gen region=2 

. replace region=1 if provcode==11 | provcode==12 | provcode==21 | provcode==31 | provcode==32 | provcode==33 | provcode==35 | 
> provcode==37 | provcode==44
(477 real changes made)

. replace region=3 if provcode==15 | provcode>=52 & provcode<=65
(477 real changes made)

. la var region "3 regions 1 east 2 central 3 west"

. tab region

3 regions 1 |
     east 2 |
  central 3 |
       west |      Freq.     Percent        Cum.
------------+-----------------------------------
          1 |        477       30.00       30.00
          2 |        636       40.00       70.00
          3 |        477       30.00      100.00
------------+-----------------------------------
      Total |      1,590      100.00

. 
. sort provcode year

. compress
region was float now byte

. save `t2'
file C:\Users\lhao2\AppData\Local\Temp\4\ST_01000002.tmp saved

. d 

Contains data from C:\Users\lhao2\AppData\Local\Temp\4\ST_01000002.tmp
  obs:         1,590                          
 vars:             5                          2 Mar 2013 18:37
 size:        19,080                          
-------------------------------------------------------------------------------------------------------------------------------
              storage  display     value
variable name   type   format      label      variable label
-------------------------------------------------------------------------------------------------------------------------------
year            int    %8.0g                  
provcode        byte   %8.0g                  
ktotal          float  %9.0g                  
ni              float  %9.0g                  nominal investment, 1952-2004
region          byte   %9.0g                  3 regions 1 east 2 central 3 west
-------------------------------------------------------------------------------------------------------------------------------
Sorted by:  provcode  year

. sum

    Variable |       Obs        Mean    Std. Dev.       Min        Max
-------------+--------------------------------------------------------
        year |      1590        1978    15.30187       1952       2004
    provcode |      1590        38.5    16.55563         11         65
      ktotal |      1590    498.9908    1039.658        1.7     9778.5
          ni |      1412     321.012    731.2772        .31     7033.2
      region |      1590           2    .7748404          1          3

. 
. * inspect missing ni
. sort provcode year 

. tab year provcode if ni==.

           |                                   provcode
      year |        36         44         46         51         54         63         64 |     Total
-----------+-----------------------------------------------------------------------------+----------
      1952 |         1          1          1          1          1          1          1 |         7 
      1953 |         1          1          1          1          1          1          1 |         7 
      1954 |         1          1          1          1          1          1          1 |         7 
      1955 |         1          1          1          1          1          1          1 |         7 
      1956 |         1          1          1          1          1          1          1 |         7 
      1957 |         1          1          1          1          1          1          1 |         7 
      1958 |         1          1          1          1          1          1          1 |         7 
      1959 |         1          1          1          1          1          1          1 |         7 
      1960 |         1          1          1          1          1          1          1 |         7 
      1961 |         1          1          1          1          1          1          1 |         7 
      1962 |         1          1          1          1          1          1          1 |         7 
      1963 |         1          1          1          1          1          1          1 |         7 
      1964 |         1          1          1          1          1          0          1 |         6 
      1965 |         1          1          1          1          1          0          1 |         6 
      1966 |         1          1          1          1          1          0          1 |         6 
      1967 |         1          1          1          1          1          0          1 |         6 
      1968 |         1          1          1          1          1          0          1 |         6 
      1969 |         1          1          1          1          1          0          1 |         6 
      1970 |         1          1          1          1          1          0          1 |         6 
      1971 |         1          1          1          1          1          0          1 |         6 
      1972 |         1          1          1          1          1          0          1 |         6 
      1973 |         1          1          1          1          1          0          1 |         6 
      1974 |         1          1          1          1          1          0          1 |         6 
      1975 |         1          1          1          1          1          0          1 |         6 
      1976 |         1          1          1          1          1          0          1 |         6 
      1977 |         1          1          1          1          1          0          1 |         6 
      1978 |         0          0          0          0          1          0          0 |         1 
      1979 |         0          0          0          0          1          0          0 |         1 
      1980 |         0          0          0          0          1          0          0 |         1 
      1981 |         0          0          0          0          1          0          0 |         1 
      1982 |         0          0          0          0          1          0          0 |         1 
      1983 |         0          0          0          0          1          0          0 |         1 
      1984 |         0          0          0          0          1          0          0 |         1 
      1985 |         0          0          0          0          1          0          0 |         1 
      1986 |         0          0          0          0          1          0          0 |         1 
      1987 |         0          0          0          0          1          0          0 |         1 
-----------+-----------------------------------------------------------------------------+----------
     Total |        26         26         26         26         36         12         26 |       178 


. 
. *=======================================
. * estimate ipi using complete data first
. * 23 proinces (7 have missing)
. drop if provcode==36 | provcode==44 | provcode==46 | provcode==51 | provcode==54 | provcode==63 | provcode==64
(371 observations deleted)

. 
. sort provcode year

. by provcode: gen ri=ktotal-0.904*ktotal[_n-1] if _n>1
(23 missing values generated)

. gen cipi=ni/ri
(23 missing values generated)

. replace cipi=1 if year==1952
(23 real changes made)

. sum cipi 

    Variable |       Obs        Mean    Std. Dev.       Min        Max
-------------+--------------------------------------------------------
        cipi |      1219    1.945971    1.860664   .3827564    17.4667

. sort provcode year

. list provcode year ktotal ni ri cipi if provcode==32, sep(0)

      +-----------------------------------------------------------+
      | provcode   year     ktotal       ni         ri       cipi |
      |-----------------------------------------------------------|
 478. |       32   1952       51.3      5.1          .          1 |
 479. |       32   1953   54.03942      7.9   7.664222   1.030764 |
 480. |       32   1954   53.50968      4.8   4.658045   1.030475 |
 481. |       32   1955   54.15426      5.9   5.781507   1.020495 |
 482. |       32   1956   56.28109      7.7    7.32564   1.051103 |
 483. |       32   1957    58.8296      8.8   7.951496    1.10671 |
 484. |       32   1958   62.49804     12.5    9.31608   1.341766 |
 485. |       32   1959   67.75858     15.6   11.26036   1.385391 |
 486. |       32   1960   76.42317     21.2   15.16941   1.397549 |
 487. |       32   1961   77.71007     11.2    8.62352   1.298774 |
 488. |       32   1962   77.18054      9.3   6.930641   1.341867 |
 489. |       32   1963   77.66627     10.2   7.895057   1.291948 |
 490. |       32   1964   79.10573     11.6   8.895422   1.304042 |
 491. |       32   1965   80.59168     11.9   9.080104   1.310558 |
 492. |       32   1966   82.47876     12.3   9.623878   1.278071 |
 493. |       32   1967   82.72263     10.2   8.161835   1.249719 |
 494. |       32   1968    82.6712      9.9   7.889943   1.254762 |
 495. |       32   1969   83.82512     11.5   9.090351   1.265078 |
 496. |       32   1970   88.04374     15.5   12.26583   1.263673 |
 497. |       32   1971    94.6327     19.2   15.04116   1.276497 |
 498. |       32   1972   102.6514       22   17.10344   1.286291 |
 499. |       32   1973   111.3828       24   18.58593   1.291299 |
 500. |       32   1974    117.932     22.2   17.24195   1.287557 |
 501. |       32   1975   126.5509     25.9   19.94038   1.298872 |
 502. |       32   1976   136.6303     28.4   22.22828   1.277652 |
 503. |       32   1977   146.5218     29.7   23.00802   1.290854 |
 504. |       32   1978   162.8869     40.4   30.43119   1.327585 |
 505. |       32   1979   183.8369     46.3   36.58714   1.265472 |
 506. |       32   1980   207.8082     58.3   41.61964   1.400781 |
 507. |       32   1981   231.1148     56.8    43.2562   1.313107 |
 508. |       32   1982    283.636     95.7    74.7082   1.280984 |
 509. |       32   1983   340.9083    105.5   84.50137   1.248501 |
 510. |       32   1984   408.0724    131.4   99.89129    1.31543 |
 511. |       32   1985   500.8924    193.3   131.9949    1.46445 |
 512. |       32   1986     623.41    240.4   170.6032   1.409117 |
 513. |       32   1987   758.7027    303.5   195.1401   1.555293 |
 514. |       32   1988   913.0955    390.5   227.2283   1.718536 |
 515. |       32   1989   1030.566    336.2   205.1277   1.638979 |
 516. |       32   1990    1156.89    374.1   225.2583    1.66076 |
 517. |       32   1991   1319.289      462   273.4604   1.689459 |
 518. |       32   1992   1589.976    747.3   397.3387   1.880763 |
 519. |       32   1993   1926.858   1201.4   489.5198   2.454242 |
 520. |       32   1994   2252.448     1435   510.5683   2.810593 |
 521. |       32   1995   2618.263   1756.9   582.0499    3.01847 |
 522. |       32   1996   3028.917   2062.2   662.0073   3.115071 |
 523. |       32   1997   3481.148     2296    743.007   3.090146 |
 524. |       32   1998   4015.942   2642.3   868.9841   3.040677 |
 525. |       32   1999   4581.458   2842.7   951.0465   2.989023 |
 526. |       32   2000   5175.911   3125.4   1034.273   3.021832 |
 527. |       32   2001   5809.401   3443.2   1130.377   3.046063 |
 528. |       32   2002   6541.072   3994.2   1289.373   3.097784 |
 529. |       32   2003   7609.926   5480.8   1696.797   3.230086 |
 530. |       32   2004   8853.283   6972.7    1973.91    3.53243 |
      +-----------------------------------------------------------+

. list provcode year ktotal ni ri cipi if provcode==53, sep(0)

      +------------------------------------------------------------+
      | provcode   year     ktotal        ni         ri       cipi |
      |------------------------------------------------------------|
1008. |       53   1952        8.4       .84          .          1 |
1009. |       53   1953   8.982642      1.61   1.389042   1.159072 |
1010. |       53   1954   9.653602      1.81   1.533293   1.180466 |
1011. |       53   1955   10.25895      1.92   1.532094   1.253186 |
1012. |       53   1956   11.47277      2.85   2.198679   1.296233 |
1013. |       53   1957   12.65284      2.92   2.281456   1.279885 |
1014. |       53   1958   17.53595      8.15   6.097783   1.336551 |
1015. |       53   1959   23.08154      10.3   7.229041   1.424809 |
1016. |       53   1960   27.15339     11.83    6.28768   1.881457 |
1017. |       53   1961   24.77968      4.07   .2330149    17.4667 |
1018. |       53   1962   22.80186      1.67   .4010299   4.164279 |
1019. |       53   1963   21.97076      2.66   1.357878   1.958939 |
1020. |       53   1964   22.64182      5.09   2.780254   1.830768 |
1021. |       53   1965   25.43664      8.97   4.968434   1.805398 |
1022. |       53   1966   28.70857     11.45   5.713848   2.003903 |
1023. |       53   1967   29.70137      6.94   3.748822   1.851248 |
1024. |       53   1968   31.85069      7.07   5.000652   1.413816 |
1025. |       53   1969    34.1936     10.21   5.400575   1.890539 |
1026. |       53   1970   37.00147     13.19   6.090455   2.165684 |
1027. |       53   1971   39.26321     12.65   5.813883   2.175826 |
1028. |       53   1972   41.24294     13.31   5.748997   2.315187 |
1029. |       53   1973   43.09193     14.44   5.808313   2.486092 |
1030. |       53   1974   44.46436     14.21   5.509254   2.579297 |
1031. |       53   1975    46.4088     15.45   6.213017   2.486714 |
1032. |       53   1976   47.52433     12.55   5.570776   2.252828 |
1033. |       53   1977   49.45571     16.52   6.493717   2.543998 |
1034. |       53   1978   51.60632     20.55   6.898356    2.97897 |
1035. |       53   1979   55.57226     27.64   8.920149   3.098603 |
1036. |       53   1980   58.94444      28.7   8.707114   3.296155 |
1037. |       53   1981   60.80948     26.09   7.523706   3.467706 |
1038. |       53   1982   62.54081     29.01   7.569041   3.832718 |
1039. |       53   1983   63.72631     29.63   7.189419   4.121335 |
1040. |       53   1984   66.46038     41.97   8.851795   4.741411 |
1041. |       53   1985   69.47206     50.07   9.391877   5.331203 |
1042. |       53   1986   72.58147     55.66   9.778724   5.691949 |
1043. |       53   1987   76.04208     59.75   10.42844   5.729525 |
1044. |       53   1988   80.78306     77.51   12.04101   6.437165 |
1045. |       53   1989   84.46919      79.9   11.44131   6.983468 |
1046. |       53   1990   89.71491     89.25   13.35476   6.683009 |
1047. |       53   1991   101.5047    150.37   20.40242   7.370204 |
1048. |       53   1992    117.949    208.41   26.18875   7.957998 |
1049. |       53   1993   135.4263    287.57   28.80041   9.984929 |
1050. |       53   1994   153.2901       334   30.86473   10.82141 |
1051. |       53   1995   171.7905    395.03   33.21625   11.89267 |
1052. |       53   1996     192.73    465.05   37.43139   12.42407 |
1053. |       53   1997   216.4794    549.42   42.25148   13.00357 |
1054. |       53   1998   248.0619    689.35   52.36452   13.16445 |
1055. |       53   1999   278.7123    720.87   54.46435   13.23563 |
1056. |       53   2000   304.1126    701.43   52.15668   13.44852 |
1057. |       53   2001   329.9763    747.86   55.05849   13.58301 |
1058. |       53   2002   359.3851    829.74   61.08654   13.58303 |
1059. |       53   2003   399.1747   1031.39   74.29058   13.88319 |
1060. |       53   2004   451.0929   1352.78   90.23895   14.99109 |
      +------------------------------------------------------------+

. list provcode year ktotal ni ri cipi if provcode==21, sep(0)

      +-----------------------------------------------------------+
      | provcode   year     ktotal       ni         ri       cipi |
      |-----------------------------------------------------------|
 266. |       21   1952       85.7      8.6          .          1 |
 267. |       21   1953   87.99739     10.8   10.52459   1.026168 |
 268. |       21   1954   93.35615     14.2   13.80651   1.028501 |
 269. |       21   1955   95.97528     11.1   11.58132   .9584397 |
 270. |       21   1956   101.0843     12.8   14.32264   .8936898 |
 271. |       21   1957   104.7451     12.7    13.3649   .9502504 |
 272. |       21   1958   122.9575     26.8   28.26793   .9480709 |
 273. |       21   1959   147.2624     34.1   36.10883   .9443673 |
 274. |       21   1960   173.9861     39.6   40.86089    .969142 |
 275. |       21   1961   164.7043      7.6   7.420866   1.024139 |
 276. |       21   1962   154.7422      5.8   5.849515   .9915351 |
 277. |       21   1963   151.8663     14.8   11.97935   1.235459 |
 278. |       21   1964   151.4884     19.1   14.20127   1.344951 |
 279. |       21   1965   153.7139     20.7   16.76838   1.234466 |
 280. |       21   1966   152.0622     16.4   13.10483   1.251447 |
 281. |       21   1967   146.9034       12   9.439173   1.271298 |
 282. |       21   1968   142.3338     12.3   9.533131   1.290237 |
 283. |       21   1969   140.6746     14.8   12.00485   1.232835 |
 284. |       21   1970    141.304     17.4   14.13416    1.23106 |
 285. |       21   1971   145.6168     21.8   17.87799   1.219376 |
 286. |       21   1972   147.2838     24.7   15.64621   1.578658 |
 287. |       21   1973    151.649     29.3   18.50445   1.583403 |
 288. |       21   1974   157.1452       32    20.0545   1.595652 |
 289. |       21   1975   160.7999     33.2   18.74063   1.771552 |
 290. |       21   1976   163.4585     30.5   18.09539   1.685512 |
 291. |       21   1977   166.4404     30.6   18.67392   1.638649 |
 292. |       21   1978   170.9342     33.6   20.47208   1.641259 |
 293. |       21   1979   181.2012     45.4   26.67668   1.701861 |
 294. |       21   1980   189.0402     42.9   25.23432   1.700066 |
 295. |       21   1981     195.39     43.1   24.49765   1.759352 |
 296. |       21   1982    210.587       63   33.95444   1.855427 |
 297. |       21   1983   226.9285     71.6   36.55785    1.95854 |
 298. |       21   1984   251.8596     92.6   46.71624    1.98218 |
 299. |       21   1985   288.8896    130.9    61.2085   2.138592 |
 300. |       21   1986    329.614    158.6   68.45782   2.316755 |
 301. |       21   1987   381.3583    210.2   83.38724   2.520769 |
 302. |       21   1988   436.9356    260.3    92.1877   2.823587 |
 303. |       21   1989   475.6435    241.9    80.6537   2.999242 |
 304. |       21   1990   513.7322    262.4   83.75046   3.133117 |
 305. |       21   1991   557.8631    323.7   93.44921   3.463914 |
 306. |       21   1992   608.1538    405.2   103.8456   3.901948 |
 307. |       21   1993   710.1785    731.6   160.4075   4.560884 |
 308. |       21   1994   811.4271      888   169.4257   5.241234 |
 309. |       21   1995   890.6803      885   157.1502   5.631556 |
 310. |       21   1996   964.4326    920.7   159.2576   5.781199 |
 311. |       21   1997   1036.089    976.5   164.2419   5.945499 |
 312. |       21   1998   1116.038   1069.6   179.4135   5.961647 |
 313. |       21   1999   1195.349   1115.8   186.4507   5.984425 |
 314. |       21   2000   1293.824   1293.9   213.2285   6.068139 |
 315. |       21   2001   1406.653   1444.2   237.0361   6.092743 |
 316. |       21   2002   1536.898   1627.6   265.2837   6.135319 |
 317. |       21   2003   1723.532   2102.1   334.1762   6.290394 |
 318. |       21   2004   2016.916   3025.1   458.8431   6.592885 |
      +-----------------------------------------------------------+

. list provcode year ktotal ni ri cipi if provcode==34, sep(0)

      +-----------------------------------------------------------+
      | provcode   year     ktotal       ni         ri       cipi |
      |-----------------------------------------------------------|
 584. |       34   1952       23.8      2.4          .          1 |
 585. |       34   1953   24.44022      3.4    2.92502   1.162385 |
 586. |       34   1954   25.20224      3.6   3.108281   1.158196 |
 587. |       34   1955   27.51426      5.7   4.731434   1.204709 |
 588. |       34   1956   29.11405      5.5   4.241159   1.296815 |
 589. |       34   1957   30.97439      5.8   4.655289   1.245895 |
 590. |       34   1958   38.12774     14.3   10.12689   1.412082 |
 591. |       34   1959   44.22072     16.2   9.753242   1.660986 |
 592. |       34   1960   48.70061     15.2   8.725081   1.742104 |
 593. |       34   1961   46.63145      4.8   2.606098   1.841834 |
 594. |       34   1962   42.41901       .4   .2641788   1.514126 |
 595. |       34   1963   39.87237      2.4   1.525586   1.573166 |
 596. |       34   1964   39.65032      5.4   3.605694   1.497631 |
 597. |       34   1965   40.60151        7   4.757621   1.471323 |
 598. |       34   1966   40.92589      6.7   4.222127   1.586878 |
 599. |       34   1967   39.90536      4.4   2.908355   1.512883 |
 600. |       34   1968   39.03755      4.4   2.963105   1.484929 |
 601. |       34   1969   39.05748      5.9   3.767533   1.566012 |
 602. |       34   1970   40.91524      8.9   5.607279   1.587222 |
 603. |       34   1971   44.24876     11.7   7.261382   1.611264 |
 604. |       34   1972   47.68352     12.6   7.682642   1.640061 |
 605. |       34   1973   51.21694     13.9   8.111038   1.713714 |
 606. |       34   1974   54.99901     14.6   8.698893   1.678375 |
 607. |       34   1975   55.99993     14.8   6.280828   2.356377 |
 608. |       34   1976   59.90594     15.5   9.282003   1.669898 |
 609. |       34   1977   63.33701     15.5   9.182038   1.688078 |
 610. |       34   1978   66.46725     15.9    9.21059   1.726274 |
 611. |       34   1979   68.87812     16.1   8.791729   1.831267 |
 612. |       34   1980   71.57162     18.2   9.305797    1.95577 |
 613. |       34   1981   72.75466     15.6    8.05392   1.936945 |
 614. |       34   1982   82.23268     31.9   16.46247   1.937741 |
 615. |       34   1983   94.93486     44.3   20.59652   2.150849 |
 616. |       34   1984   115.4616     65.5   29.64049   2.209815 |
 617. |       34   1985    142.117     86.3   37.73972   2.286716 |
 618. |       34   1986   168.2864      103   39.81264   2.587118 |
 619. |       34   1987   194.1474    114.6   42.01649   2.727501 |
 620. |       34   1988   215.5766    127.1   40.06735   3.172159 |
 621. |       34   1989   233.5657    123.3   38.68446   3.187326 |
 622. |       34   1990   253.9096    138.2   42.76621   3.231523 |
 623. |       34   1991   258.9368    150.9   29.40251   5.132214 |
 624. |       34   1992   266.7825    200.3   32.70364   6.124701 |
 625. |       34   1993   285.7392    324.8   44.56781    7.28777 |
 626. |       34   1994   319.5457      474   61.23745   7.740362 |
 627. |       34   1995   362.1709    619.1    73.3016   8.445928 |
 628. |       34   1996   408.7786    710.6   81.37611   8.732293 |
 629. |       34   1997   457.6201    779.2   88.08424   8.846078 |
 630. |       34   1998   506.6925    822.7   93.00394   8.845861 |
 631. |       34   1999   553.5947    839.3    95.5447   8.784369 |
 632. |       34   2000   604.4395    928.1   103.9899   8.924907 |
 633. |       34   2001   660.4098   1012.3   113.9965   8.880099 |
 634. |       34   2002   723.2564   1138.2    126.246   9.015734 |
 635. |       34   2003   800.4193   1362.2   146.5955   9.292234 |
 636. |       34   2004    914.131   1877.8   190.5519   9.854532 |
      +-----------------------------------------------------------+

. list provcode year ktotal ni ri cipi if provcode==35, sep(0)

      +-----------------------------------------------------------+
      | provcode   year     ktotal       ni         ri       cipi |
      |-----------------------------------------------------------|
 637. |       35   1952        8.5       .9          .          1 |
 638. |       35   1953    8.68445        1    1.00045     .99955 |
 639. |       35   1954   9.640843      1.8     1.7901    1.00553 |
 640. |       35   1955   11.39537      2.5   2.680047   .9328194 |
 641. |       35   1956   17.69132      6.7   7.389906    .906642 |
 642. |       35   1957   19.46265      3.1   3.469697   .8934498 |
 643. |       35   1958   25.44909      7.1   7.854853   .9038998 |
 644. |       35   1959   32.08822      8.9   9.082242   .9799342 |
 645. |       35   1960   39.61915     10.3    10.6114   .9706544 |
 646. |       35   1961   39.02957      3.1   3.213861   .9645717 |
 647. |       35   1962   37.34653      2.1   2.063798   1.017541 |
 648. |       35   1963   36.20501      2.7   2.443746   1.104861 |
 649. |       35   1964   37.12553      4.6   4.396202   1.046358 |
 650. |       35   1965   38.28153      4.8   4.720049   1.016939 |
 651. |       35   1966    39.4379      4.8   4.831399   .9935011 |
 652. |       35   1967   36.46446      1.5   .8125964   1.845935 |
 653. |       35   1968   34.28137      1.1   1.317498    .834916 |
 654. |       35   1969   32.49741      1.4   1.507053   .9289654 |
 655. |       35   1970   37.05571      7.2   7.678051   .9377379 |
 656. |       35   1971   45.00566       11    11.5073    .955915 |
 657. |       35   1972   51.87452     10.8    11.1894   .9651991 |
 658. |       35   1973   56.99172      9.8   10.09715   .9705707 |
 659. |       35   1974   60.48291      8.7   8.962397   .9707225 |
 660. |       35   1975   62.17525      7.4     7.4987   .9868377 |
 661. |       35   1976   61.60478      5.3   5.398351   .9817813 |
 662. |       35   1977   60.70742        5   5.016701    .996671 |
 663. |       35   1978   68.06216     13.3   13.18265   1.008902 |
 664. |       35   1979   77.43679     16.4    15.9086   1.030889 |
 665. |       35   1980   88.60511     19.7   18.60225   1.059012 |
 666. |       35   1981   98.04167     19.6   17.94265   1.092369 |
 667. |       35   1982   109.4938     23.4   20.86413   1.121542 |
 668. |       35   1983   124.0123     28.7   25.02991   1.146628 |
 669. |       35   1984   140.0679     33.5   27.96078   1.198107 |
 670. |       35   1985   159.0956     45.2   32.47421   1.391874 |
 671. |       35   1986   182.8655     61.2   39.04308     1.5675 |
 672. |       35   1987   208.1606     73.8   42.85019   1.722279 |
 673. |       35   1988    227.522     84.4   39.34482   2.145136 |
 674. |       35   1989   242.0089     90.5   36.32901   2.491122 |
 675. |       35   1990   254.5015      108   35.72545   3.023055 |
 676. |       35   1991   272.8592    143.2   42.78984   3.346589 |
 677. |       35   1992   295.9367    198.5     49.272   4.028657 |
 678. |       35   1993   337.8872    349.6   70.36043   4.968702 |
 679. |       35   1994   409.3727      554   103.9227   5.330886 |
 680. |       35   1995   494.1568    716.2   124.0839   5.771903 |
 681. |       35   1996   589.6534    863.8   142.9356   6.043279 |
 682. |       35   1997   693.6925    981.5   160.6458   6.109713 |
 683. |       35   1998   818.3974   1145.4   191.2994   5.987474 |
 684. |       35   1999   940.7399   1184.8   200.9087   5.897207 |
 685. |       35   2000   1063.468   1258.9   213.0391   5.909244 |
 686. |       35   2001   1185.762   1319.3   224.3869   5.879578 |
 687. |       35   2002   1318.169   1443.5   246.2401   5.862164 |
 688. |       35   2003   1486.394   1752.5   294.7693   5.945327 |
 689. |       35   2004   1703.289   2210.1   359.5887   6.146189 |
      +-----------------------------------------------------------+

. list provcode year ktotal ni ri cipi if provcode==42, sep(0)

      +------------------------------------------------------------+
      | provcode   year     ktotal        ni         ri       cipi |
      |------------------------------------------------------------|
 796. |       42   1952       12.4      1.66          .          1 |
 797. |       42   1953    13.4354      3.21     2.2258   1.442178 |
 798. |       42   1954   14.79052      3.69   2.644918   1.395128 |
 799. |       42   1955   16.42599      4.44   3.055359   1.453184 |
 800. |       42   1956   19.70494      7.23   4.855846   1.488927 |
 801. |       42   1957   24.08766      9.53   6.274394   1.518872 |
 802. |       42   1958   30.20353     14.94   8.428285   1.772603 |
 803. |       42   1959   36.45643     16.57   9.152438   1.810447 |
 804. |       42   1960   44.90649     20.13   11.94988   1.684536 |
 805. |       42   1961   42.85351      4.73   2.258044   2.094733 |
 806. |       42   1962   40.82029      4.35   2.080715   2.090627 |
 807. |       42   1963    39.1137      4.46   2.212159    2.01613 |
 808. |       42   1964   37.51887      4.67   2.160086   2.161951 |
 809. |       42   1965   37.20926      5.88   3.292199    1.78604 |
 810. |       42   1966   39.52345     10.21   5.886279   1.734542 |
 811. |       42   1967   40.77228      8.79   5.043084   1.742981 |
 812. |       42   1968   39.89366      5.39   3.035519   1.775644 |
 813. |       42   1969   42.31843     10.68   6.254562   1.707554 |
 814. |       42   1970   57.53414     28.82   19.27828   1.494947 |
 815. |       42   1971   69.20842     27.91   17.19756   1.622905 |
 816. |       42   1972   76.74505     23.24   14.18064   1.638854 |
 817. |       42   1973   80.28829     18.96   10.91077   1.737733 |
 818. |       42   1974   84.66813     21.22   12.08751   1.755531 |
 819. |       42   1975   93.47095     31.62   16.93096   1.867585 |
 820. |       42   1976   108.6666     34.78   24.16887   1.439041 |
 821. |       42   1977   121.6408     40.35   23.40619   1.723903 |
 822. |       42   1978   131.0127      31.4   21.04941   1.491728 |
 823. |       42   1979   134.3026     29.49   15.86712    1.85856 |
 824. |       42   1980    137.196     33.19   15.78645   2.102436 |
 825. |       42   1981   138.4203     31.31   14.39512   2.175043 |
 826. |       42   1982   146.4203      45.6   21.28835   2.142017 |
 827. |       42   1983   157.1193     53.01   24.75534   2.141356 |
 828. |       42   1984   174.4904        74   32.45456   2.280111 |
 829. |       42   1985   196.9295     96.71   39.19018    2.46771 |
 830. |       42   1986   216.6478    104.74   38.62352   2.711819 |
 831. |       42   1987   241.2906    130.98   45.44099   2.882419 |
 832. |       42   1988   264.1853    149.87    46.0586   3.253898 |
 833. |       42   1989   278.9449     115.5   40.12137   2.878765 |
 834. |       42   1990   295.0975    147.13   42.93133   3.427101 |
 835. |       42   1991   315.8213    176.32   49.05315   3.594469 |
 836. |       42   1992   345.3312    235.63   59.82876   3.938407 |
 837. |       42   1993   389.2553    377.95    77.0759   4.903608 |
 838. |       42   1994   454.0901    571.68   102.2033   5.593558 |
 839. |       42   1995   533.7535    778.25    123.256   6.314092 |
 840. |       42   1996   633.0249    985.03   150.5118   6.544538 |
 841. |       42   1997    729.974    1102.1   157.7195   6.987722 |
 842. |       42   1998   842.9189    1238.9   183.0224   6.769117 |
 843. |       42   1999   969.7885    1320.1   207.7898   6.353054 |
 844. |       42   2000    1107.91   1451.85   231.2212   6.279052 |
 845. |       42   2001   1345.459   1610.93   343.9083   4.684185 |
 846. |       42   2002   1579.898   1699.78    363.603   4.674824 |
 847. |       42   2003   1816.549   1875.78   388.3212   4.830486 |
 848. |       42   2004   2094.741   2316.48   452.5807    5.11838 |
      +------------------------------------------------------------+

. 
. sort provcode year

. save `t3'
file C:\Users\lhao2\AppData\Local\Temp\4\ST_01000003.tmp saved

. d

Contains data from C:\Users\lhao2\AppData\Local\Temp\4\ST_01000003.tmp
  obs:         1,219                          
 vars:             7                          2 Mar 2013 18:37
 size:        24,380                          
-------------------------------------------------------------------------------------------------------------------------------
              storage  display     value
variable name   type   format      label      variable label
-------------------------------------------------------------------------------------------------------------------------------
year            int    %8.0g                  
provcode        byte   %8.0g                  
ktotal          float  %9.0g                  
ni              float  %9.0g                  nominal investment, 1952-2004
region          byte   %9.0g                  3 regions 1 east 2 central 3 west
ri              float  %9.0g                  
cipi            float  %9.0g                  
-------------------------------------------------------------------------------------------------------------------------------
Sorted by:  provcode  year

. sum

    Variable |       Obs        Mean    Std. Dev.       Min        Max
-------------+--------------------------------------------------------
        year |      1219        1978    15.30334       1952       2004
    provcode |      1219    34.65217    16.34181         11         65
      ktotal |      1219    540.1917    1074.114        3.1     9778.5
          ni |      1219    303.2894    694.4025        .31     7033.2
      region |      1219    1.913043    .7756467          1          3
-------------+--------------------------------------------------------
          ri |      1196    109.3052    230.0684   .2330149   2286.908
        cipi |      1219    1.945971    1.860664   .3827564    17.4667

. 
. * top-coded region mean cipi
. replace cipi=7 if cipi>7 & cipi<.
(27 real changes made)

. sort region year

. egen rmcipi=mean(cipi), by(region year)

. la var rmcipi "7-top-coded regional mean cipi by year"

. sum rmcipi cipi

    Variable |       Obs        Mean    Std. Dev.       Min        Max
-------------+--------------------------------------------------------
      rmcipi |      1219    1.861918     1.12026   .9324276   4.428638
        cipi |      1219    1.861918    1.458847   .3827564          7

. keep region year rmcipi

. sort region year

. drop if region==region[_n-1] & year==year[_n-1]
(1060 observations deleted)

. sort region year

. list region year rmcipi , sepby(region)

     +--------------------------+
     | region   year     rmcipi |
     |--------------------------|
  1. |      1   1952          1 |
  2. |      1   1953   1.045476 |
  3. |      1   1954   1.015355 |
  4. |      1   1955   .9883237 |
  5. |      1   1956   .9693624 |
  6. |      1   1957   .9940318 |
  7. |      1   1958   .9835476 |
  8. |      1   1959   .9936026 |
  9. |      1   1960   1.008631 |
 10. |      1   1961   1.035009 |
 11. |      1   1962   1.047483 |
 12. |      1   1963   1.048631 |
 13. |      1   1964   1.035913 |
 14. |      1   1965   1.023353 |
 15. |      1   1966    1.00031 |
 16. |      1   1967   1.100437 |
 17. |      1   1968   .9763678 |
 18. |      1   1969   .9784465 |
 19. |      1   1970   .9744297 |
 20. |      1   1971   .9592836 |
 21. |      1   1972   1.003797 |
 22. |      1   1973   1.002518 |
 23. |      1   1974   1.000755 |
 24. |      1   1975   1.023548 |
 25. |      1   1976   1.270958 |
 26. |      1   1977   1.005382 |
 27. |      1   1978    1.02111 |
 28. |      1   1979   1.042188 |
 29. |      1   1980   1.068133 |
 30. |      1   1981   1.082512 |
 31. |      1   1982   1.084923 |
 32. |      1   1983    1.12383 |
 33. |      1   1984   1.154535 |
 34. |      1   1985   1.251243 |
 35. |      1   1986   1.324439 |
 36. |      1   1987   1.431992 |
 37. |      1   1988   1.633241 |
 38. |      1   1989    1.74431 |
 39. |      1   1990   1.875003 |
 40. |      1   1991   2.033019 |
 41. |      1   1992   2.282794 |
 42. |      1   1993   2.777299 |
 43. |      1   1994   3.114896 |
 44. |      1   1995   3.371214 |
 45. |      1   1996   3.501837 |
 46. |      1   1997   3.535512 |
 47. |      1   1998   3.494679 |
 48. |      1   1999   3.461414 |
 49. |      1   2000   3.488199 |
 50. |      1   2001   3.499328 |
 51. |      1   2002   3.514918 |
 52. |      1   2003   3.607359 |
 53. |      1   2004   3.816983 |
     |--------------------------|
 54. |      2   1952          1 |
 55. |      2   1953   1.049621 |
 56. |      2   1954   1.038928 |
 57. |      2   1955   1.023577 |
 58. |      2   1956   1.057643 |
 59. |      2   1957   1.026648 |
 60. |      2   1958   1.077272 |
 61. |      2   1959   1.130111 |
 62. |      2   1960   1.126325 |
 63. |      2   1961   1.238946 |
 64. |      2   1962   1.209999 |
 65. |      2   1963   1.202242 |
 66. |      2   1964   1.215511 |
 67. |      2   1965   1.145579 |
 68. |      2   1966   1.142993 |
 69. |      2   1967   1.143848 |
 70. |      2   1968   1.138066 |
 71. |      2   1969   1.117406 |
 72. |      2   1970   1.089314 |
 73. |      2   1971   1.091224 |
 74. |      2   1972   1.098968 |
 75. |      2   1973   1.134405 |
 76. |      2   1974   1.143479 |
 77. |      2   1975   1.238389 |
 78. |      2   1976   1.107941 |
 79. |      2   1977   1.155373 |
 80. |      2   1978   1.135885 |
 81. |      2   1979   1.211439 |
 82. |      2   1980    1.27668 |
 83. |      2   1981   1.317959 |
 84. |      2   1982   1.331635 |
 85. |      2   1983   1.381246 |
 86. |      2   1984   1.465794 |
 87. |      2   1985   1.566506 |
 88. |      2   1986   1.683265 |
 89. |      2   1987   1.789468 |
 90. |      2   1988   2.099341 |
 91. |      2   1989   2.141178 |
 92. |      2   1990   2.406995 |
 93. |      2   1991    2.78628 |
 94. |      2   1992   3.163248 |
 95. |      2   1993   3.403996 |
 96. |      2   1994   3.789943 |
 97. |      2   1995   4.096109 |
 98. |      2   1996   4.222982 |
 99. |      2   1997    4.33148 |
100. |      2   1998    4.30607 |
101. |      2   1999   4.249854 |
102. |      2   2000   4.285479 |
103. |      2   2001   4.140786 |
104. |      2   2002   4.143749 |
105. |      2   2003   4.228076 |
106. |      2   2004   4.428638 |
     |--------------------------|
107. |      3   1952          1 |
108. |      3   1953   .9851754 |
109. |      3   1954    1.01447 |
110. |      3   1955   .9964083 |
111. |      3   1956   .9324276 |
112. |      3   1957   .9494603 |
113. |      3   1958   .9339016 |
114. |      3   1959   .9738401 |
115. |      3   1960   1.124206 |
116. |      3   1961   2.043552 |
117. |      3   1962   1.708294 |
118. |      3   1963   1.356464 |
119. |      3   1964   1.213954 |
120. |      3   1965   1.068826 |
121. |      3   1966   1.125843 |
122. |      3   1967   1.094805 |
123. |      3   1968   1.078805 |
124. |      3   1969   1.099942 |
125. |      3   1970   1.110576 |
126. |      3   1971   1.097929 |
127. |      3   1972   1.126613 |
128. |      3   1973    1.14277 |
129. |      3   1974   1.163102 |
130. |      3   1975   1.174634 |
131. |      3   1976   1.112535 |
132. |      3   1977   1.165939 |
133. |      3   1978   1.316417 |
134. |      3   1979   1.238936 |
135. |      3   1980   1.329668 |
136. |      3   1981   1.375754 |
137. |      3   1982   1.469191 |
138. |      3   1983   1.547329 |
139. |      3   1984   1.623097 |
140. |      3   1985   1.743611 |
141. |      3   1986   1.863463 |
142. |      3   1987   1.970292 |
143. |      3   1988    2.17325 |
144. |      3   1989   2.410197 |
145. |      3   1990   2.363971 |
146. |      3   1991     2.5237 |
147. |      3   1992   2.727793 |
148. |      3   1993   3.067727 |
149. |      3   1994   3.327122 |
150. |      3   1995   3.428387 |
151. |      3   1996   3.622038 |
152. |      3   1997   3.682858 |
153. |      3   1998   3.712064 |
154. |      3   1999    3.71436 |
155. |      3   2000   3.792249 |
156. |      3   2001   3.874342 |
157. |      3   2002   3.885863 |
158. |      3   2003   3.924387 |
159. |      3   2004   4.056113 |
     +--------------------------+

. save `t4'
file C:\Users\lhao2\AppData\Local\Temp\4\ST_01000004.tmp saved

. 
. use `t2', clear

. sort region year

. merge m:1 region year using `t4'

    Result                           # of obs.
    -----------------------------------------
    not matched                             0
    matched                             1,590  (_merge==3)
    -----------------------------------------

. drop _merge

. keep if provcode==36 | provcode==44 | provcode==46 | provcode==51 | provcode==54 | provcode==63 | provcode==64
(1219 observations deleted)

. 
. sort provcode year

. by provcode: gen ri=ktotal-0.904*ktotal[_n-1] if _n>1
(7 missing values generated)

. gen cipi=ni/ri
(178 missing values generated)

. replace cipi=1 if year==1952
(7 real changes made)

. replace cipi=rmcipi if cipi==.
(171 real changes made)

. la var ri "real investment, 1952 price"

. la var cipi "compound investment price index from 1952 to t"

. sum cipi

    Variable |       Obs        Mean    Std. Dev.       Min        Max
-------------+--------------------------------------------------------
        cipi |       371    2.271404    2.400432   .3502049   16.85227

. list provcode year ktotal ri ni rmcipi cipi if provcode==44, sep(0)

     +----------------------------------------------------------------------+
     | provcode   year     ktotal         ri       ni     rmcipi       cipi |
     |----------------------------------------------------------------------|
 54. |       44   1952     19.995          .        .          1          1 |
 55. |       44   1953   22.69479   4.619309        .   1.045476   1.045476 |
 56. |       44   1954   24.33795    3.82186        .   1.015355   1.015355 |
 57. |       44   1955   26.55699   4.555483        .   .9883237   .9883237 |
 58. |       44   1956   30.29113   6.283611        .   .9693624   .9693624 |
 59. |       44   1957   34.67459   7.291409        .   .9940318   .9940318 |
 60. |       44   1958    47.8769   16.53107        .   .9835476   .9835476 |
 61. |       44   1959   63.80215   20.52143        .   .9936026   .9936026 |
 62. |       44   1960   83.55728   25.88014        .   1.008631   1.008631 |
 63. |       44   1961   83.84697   8.311187        .   1.035009   1.035009 |
 64. |       44   1962   80.96857   5.170907        .   1.047483   1.047483 |
 65. |       44   1963   80.35834   7.162753        .   1.048631   1.048631 |
 66. |       44   1964   83.97094     11.327        .   1.035913   1.035913 |
 67. |       44   1965   87.43476   11.52503        .   1.023353   1.023353 |
 68. |       44   1966    88.9593   9.918273        .    1.00031    1.00031 |
 69. |       44   1967    87.5806   7.161392        .   1.100437   1.100437 |
 70. |       44   1968   84.18606   5.013198        .   .9763678   .9763678 |
 71. |       44   1969   84.95791   8.853712        .   .9784465   .9784465 |
 72. |       44   1970   93.10515    16.3032        .   .9744297   .9744297 |
 73. |       44   1971   102.5893   18.42225        .   .9592836   .9592836 |
 74. |       44   1972   111.7183   18.97757        .   1.003797   1.003797 |
 75. |       44   1973   122.6906   21.69725        .   1.002518   1.002518 |
 76. |       44   1974   134.9934   24.08109        .   1.000755   1.000755 |
 77. |       44   1975   151.9001   29.86607        .   1.023548   1.023548 |
 78. |       44   1976   168.9338   31.61612        .   1.270958   1.270958 |
 79. |       44   1977    186.558   33.84184        .   1.005382   1.005382 |
 80. |       44   1978   203.7521   35.10368     37.9    1.02111   1.079659 |
 81. |       44   1979   220.5242    36.3323     40.8   1.042188   1.122968 |
 82. |       44   1980   243.2685   43.91462     51.8   1.068133   1.179562 |
 83. |       44   1981   273.6936   53.77888     70.3   1.082512   1.307205 |
 84. |       44   1982   318.6092   71.19018     93.5   1.084923   1.313383 |
 85. |       44   1983   359.1778   71.15508     96.7    1.12383   1.359003 |
 86. |       44   1984   411.0166   86.31988    129.6   1.154535   1.501392 |
 87. |       44   1985    469.779   98.21999    160.3   1.251243   1.632051 |
 88. |       44   1986   533.4314   108.7512    181.2   1.324439   1.666189 |
 89. |       44   1987   597.5725   115.3505    205.1   1.431992   1.778059 |
 90. |       44   1988   678.0576   137.8521    288.8   1.633241   2.094999 |
 91. |       44   1989   758.8198   145.8557    320.2    1.74431    2.19532 |
 92. |       44   1990   854.6812   168.7081    393.3   1.875003   2.331245 |
 93. |       44   1991   967.4922   194.8604    457.3   2.033019   2.346809 |
 94. |       44   1992   1148.492    273.879    759.2   2.282794   2.772027 |
 95. |       44   1993   1429.783   391.5462   1275.4   2.777299   3.257342 |
 96. |       44   1994   1774.637   482.1132   1639.8   3.114896   3.401276 |
 97. |       44   1995   2155.715   551.4433   2059.4   3.371214   3.734563 |
 98. |       44   1996    2521.83   573.0637   2240.8   3.501837   3.910211 |
 99. |       44   1997   2858.686   578.9517   2288.7   3.535512    3.95318 |
100. |       44   1998   3268.604   684.3518   2651.2   3.494679   3.874031 |
101. |       44   1999   3734.255   779.4369   2974.3   3.461414    3.81596 |
102. |       44   2000   4206.376   830.6096   3175.9   3.488199   3.823577 |
103. |       44   2001    4714.06   911.4962   3492.2   3.499328   3.831283 |
104. |       44   2002   5280.549   1019.039   3892.5   3.514918   3.819777 |
105. |       44   2003   6037.487   1263.871   4934.9   3.607359   3.904592 |
106. |       44   2004   6887.514   1429.626   5939.3   3.816983   4.154443 |
     +----------------------------------------------------------------------+

. list provcode year ktotal ri ni rmcipi cipi if provcode==54, sep(0)

     +----------------------------------------------------------------------+
     | provcode   year     ktotal         ri       ni     rmcipi       cipi |
     |----------------------------------------------------------------------|
213. |       54   1952          3          .        .          1          1 |
214. |       54   1953          3       .288        .   .9851754   .9851754 |
215. |       54   1954          3       .288        .    1.01447    1.01447 |
216. |       54   1955          3       .288        .   .9964083   .9964083 |
217. |       54   1956          3       .288        .   .9324276   .9324276 |
218. |       54   1957          3       .288        .   .9494603   .9494603 |
219. |       54   1958          3       .288        .   .9339016   .9339016 |
220. |       54   1959          3       .288        .   .9738401   .9738401 |
221. |       54   1960          4      1.288        .   1.124206   1.124206 |
222. |       54   1961          4       .384        .   2.043552   2.043552 |
223. |       54   1962          4       .384        .   1.708294   1.708294 |
224. |       54   1963        3.7   .0840001        .   1.356464   1.356464 |
225. |       54   1964        3.4   .0552001        .   1.213954   1.213954 |
226. |       54   1965          4   .9263999        .   1.068826   1.068826 |
227. |       54   1966          4       .384        .   1.125843   1.125843 |
228. |       54   1967          4       .384        .   1.094805   1.094805 |
229. |       54   1968          4       .384        .   1.078805   1.078805 |
230. |       54   1969          4       .384        .   1.099942   1.099942 |
231. |       54   1970          4       .384        .   1.110576   1.110576 |
232. |       54   1971          5      1.384        .   1.097929   1.097929 |
233. |       54   1972          5        .48        .   1.126613   1.126613 |
234. |       54   1973          6       1.48        .    1.14277    1.14277 |
235. |       54   1974          6       .576        .   1.163102   1.163102 |
236. |       54   1975          7      1.576        .   1.174634   1.174634 |
237. |       54   1976          7       .672        .   1.112535   1.112535 |
238. |       54   1977          8      1.672        .   1.165939   1.165939 |
239. |       54   1978          9      1.768        .   1.316417   1.316417 |
240. |       54   1979         10      1.864        .   1.238936   1.238936 |
241. |       54   1980         11       1.96        .   1.329668   1.329668 |
242. |       54   1981         11      1.056        .   1.375754   1.375754 |
243. |       54   1982         12      2.056        .   1.469191   1.469191 |
244. |       54   1983         13      2.152        .   1.547329   1.547329 |
245. |       54   1984         16      4.248        .   1.623097   1.623097 |
246. |       54   1985         22      7.536        .   1.743611   1.743611 |
247. |       54   1986         25      5.112        .   1.863463   1.863463 |
248. |       54   1987         28        5.4        .   1.970292   1.970292 |
249. |       54   1988         31      5.688    89.17    2.17325   15.67686 |
250. |       54   1989         35      6.976    84.71   2.410197   12.14306 |
251. |       54   1990         39       7.36    75.03   2.363971   10.19429 |
252. |       54   1991         44      8.744    73.65     2.5237   8.422918 |
253. |       54   1992         51     11.224    74.18   2.727793   6.609052 |
254. |       54   1993         56      9.896    81.86   3.067727   8.272029 |
255. |       54   1994         61     10.376    75.39   3.327122   7.265805 |
256. |       54   1995         71     15.856   120.28   3.428387   7.585772 |
257. |       54   1996         75     10.816   150.99   3.622038   13.95988 |
258. |       54   1997         81       13.2    163.5   3.682858   12.38636 |
259. |       54   1998         87     13.776    188.7   3.712064   13.69773 |
260. |       54   1999         97     18.352    253.7    3.71436   13.82411 |
261. |       54   2000        106     18.312   285.97   3.792249   15.61654 |
262. |       54   2001   115.7946    19.9706   336.55   3.874342   16.85227 |
263. |       54   2002   137.9971   33.31878   397.76   3.885863   11.93801 |
264. |       54   2003   173.3315   48.58212   472.82   3.924387   9.732388 |
265. |       54   2004   237.1787   80.48702   666.97   4.056113   8.286677 |
     +----------------------------------------------------------------------+

. * huge discrepancies between Zhang's and ni 1988 and later
. * replace with western region mean for all years for 54
. replace cipi=rmcipi if provcode==54
(17 real changes made)

. drop rmcipi 

. 
. * append all provinces
. append using `t3'

. sort region year

. merge m:1 region year using `t4'

    Result                           # of obs.
    -----------------------------------------
    not matched                             0
    matched                             1,590  (_merge==3)
    -----------------------------------------

. drop _merge

. 
. * top-code provcode=53,34 with western region mean
. replace cipi=rmcipi if cipi>rmcipi & (provcode==53 | provcode==34)
(104 real changes made)

. sum cipi

    Variable |       Obs        Mean    Std. Dev.       Min        Max
-------------+--------------------------------------------------------
        cipi |      1590    1.762311     1.21845   .3502049   6.987722

. list provcode year ktotal ri ni rmcipi cipi if provcode==34, sep(0)

      +----------------------------------------------------------------------+
      | provcode   year     ktotal         ri       ni     rmcipi       cipi |
      |----------------------------------------------------------------------|
 478. |       34   1952       23.8          .      2.4          1          1 |
 491. |       34   1953   24.44022    2.92502      3.4   1.049621   1.049621 |
 507. |       34   1954   25.20224   3.108281      3.6   1.038928   1.038928 |
 520. |       34   1955   27.51426   4.731434      5.7   1.023577   1.023577 |
 527. |       34   1956   29.11405   4.241159      5.5   1.057643   1.057643 |
 541. |       34   1957   30.97439   4.655289      5.8   1.026648   1.026648 |
 558. |       34   1958   38.12774   10.12689     14.3   1.077272   1.077272 |
 573. |       34   1959   44.22072   9.753242     16.2   1.130111   1.130111 |
 579. |       34   1960   48.70061   8.725081     15.2   1.126325   1.126325 |
 590. |       34   1961   46.63145   2.606098      4.8   1.238946   1.238946 |
 600. |       34   1962   42.41901   .2641788       .4   1.209999   1.209999 |
 612. |       34   1963   39.87237   1.525586      2.4   1.202242   1.202242 |
 623. |       34   1964   39.65032   3.605694      5.4   1.215511   1.215511 |
 635. |       34   1965   40.60151   4.757621        7   1.145579   1.145579 |
 650. |       34   1966   40.92589   4.222127      6.7   1.142993   1.142993 |
 665. |       34   1967   39.90536   2.908355      4.4   1.143848   1.143848 |
 673. |       34   1968   39.03755   2.963105      4.4   1.138066   1.138066 |
 688. |       34   1969   39.05748   3.767533      5.9   1.117406   1.117406 |
 694. |       34   1970   40.91524   5.607279      8.9   1.089314   1.089314 |
 717. |       34   1971   44.24876   7.261382     11.7   1.091224   1.091224 |
 726. |       34   1972   47.68352   7.682642     12.6   1.098968   1.098968 |
 739. |       34   1973   51.21694   8.111038     13.9   1.134405   1.134405 |
 749. |       34   1974   54.99901   8.698893     14.6   1.143479   1.143479 |
 757. |       34   1975   55.99993   6.280828     14.8   1.238389   1.238389 |
 768. |       34   1976   59.90594   9.282003     15.5   1.107941   1.107941 |
 779. |       34   1977   63.33701   9.182038     15.5   1.155373   1.155373 |
 794. |       34   1978   66.46725    9.21059     15.9   1.135885   1.135885 |
 809. |       34   1979   68.87812   8.791729     16.1   1.211439   1.211439 |
 819. |       34   1980   71.57162   9.305797     18.2    1.27668    1.27668 |
 830. |       34   1981   72.75466    8.05392     15.6   1.317959   1.317959 |
 843. |       34   1982   82.23268   16.46247     31.9   1.331635   1.331635 |
 852. |       34   1983   94.93486   20.59652     44.3   1.381246   1.381246 |
 865. |       34   1984   115.4616   29.64049     65.5   1.465794   1.465794 |
 883. |       34   1985    142.117   37.73972     86.3   1.566506   1.566506 |
 896. |       34   1986   168.2864   39.81264      103   1.683265   1.683265 |
 900. |       34   1987   194.1474   42.01649    114.6   1.789468   1.789468 |
 917. |       34   1988   215.5766   40.06735    127.1   2.099341   2.099341 |
 922. |       34   1989   233.5657   38.68446    123.3   2.141178   2.141178 |
 945. |       34   1990   253.9096   42.76621    138.2   2.406995   2.406995 |
 954. |       34   1991   258.9368   29.40251    150.9    2.78628    2.78628 |
 959. |       34   1992   266.7825   32.70364    200.3   3.163248   3.163248 |
 972. |       34   1993   285.7392   44.56781    324.8   3.403996   3.403996 |
 985. |       34   1994   319.5457   61.23745      474   3.789943   3.789943 |
 994. |       34   1995   362.1709    73.3016    619.1   4.096109   4.096109 |
1015. |       34   1996   408.7786   81.37611    710.6   4.222982   4.222982 |
1028. |       34   1997   457.6201   88.08424    779.2    4.33148    4.33148 |
1034. |       34   1998   506.6925   93.00394    822.7    4.30607    4.30607 |
1050. |       34   1999   553.5947    95.5447    839.3   4.249854   4.249854 |
1058. |       34   2000   604.4395   103.9899    928.1   4.285479   4.285479 |
1076. |       34   2001   660.4098   113.9965   1012.3   4.140786   4.140786 |
1085. |       34   2002   723.2564    126.246   1138.2   4.143749   4.143749 |
1101. |       34   2003   800.4193   146.5955   1362.2   4.228076   4.228076 |
1112. |       34   2004    914.131   190.5519   1877.8   4.428638   4.428638 |
      +----------------------------------------------------------------------+

. list provcode year ktotal ri ni rmcipi cipi if provcode==53, sep(0)

      +-----------------------------------------------------------------------+
      | provcode   year     ktotal         ri        ni     rmcipi       cipi |
      |-----------------------------------------------------------------------|
1121. |       53   1952        8.4          .       .84          1          1 |
1130. |       53   1953   8.982642   1.389042      1.61   .9851754   .9851754 |
1138. |       53   1954   9.653602   1.533293      1.81    1.01447    1.01447 |
1141. |       53   1955   10.25895   1.532094      1.92   .9964083   .9964083 |
1154. |       53   1956   11.47277   2.198679      2.85   .9324276   .9324276 |
1166. |       53   1957   12.65284   2.281456      2.92   .9494603   .9494603 |
1176. |       53   1958   17.53595   6.097783      8.15   .9339016   .9339016 |
1183. |       53   1959   23.08154   7.229041      10.3   .9738401   .9738401 |
1190. |       53   1960   27.15339    6.28768     11.83   1.124206   1.124206 |
1198. |       53   1961   24.77968   .2330149      4.07   2.043552   2.043552 |
1209. |       53   1962   22.80186   .4010299      1.67   1.708294   1.708294 |
1213. |       53   1963   21.97076   1.357878      2.66   1.356464   1.356464 |
1226. |       53   1964   22.64182   2.780254      5.09   1.213954   1.213954 |
1236. |       53   1965   25.43664   4.968434      8.97   1.068826   1.068826 |
1244. |       53   1966   28.70857   5.713848     11.45   1.125843   1.125843 |
1251. |       53   1967   29.70137   3.748822      6.94   1.094805   1.094805 |
1266. |       53   1968   31.85069   5.000652      7.07   1.078805   1.078805 |
1268. |       53   1969    34.1936   5.400575     10.21   1.099942   1.099942 |
1276. |       53   1970   37.00147   6.090455     13.19   1.110576   1.110576 |
1289. |       53   1971   39.26321   5.813883     12.65   1.097929   1.097929 |
1300. |       53   1972   41.24294   5.748997     13.31   1.126613   1.126613 |
1305. |       53   1973   43.09193   5.808313     14.44    1.14277    1.14277 |
1316. |       53   1974   44.46436   5.509254     14.21   1.163102   1.163102 |
1324. |       53   1975    46.4088   6.213017     15.45   1.174634   1.174634 |
1334. |       53   1976   47.52433   5.570776     12.55   1.112535   1.112535 |
1341. |       53   1977   49.45571   6.493717     16.52   1.165939   1.165939 |
1350. |       53   1978   51.60632   6.898356     20.55   1.316417   1.316417 |
1363. |       53   1979   55.57226   8.920149     27.64   1.238936   1.238936 |
1373. |       53   1980   58.94444   8.707114      28.7   1.329668   1.329668 |
1380. |       53   1981   60.80948   7.523706     26.09   1.375754   1.375754 |
1386. |       53   1982   62.54081   7.569041     29.01   1.469191   1.469191 |
1398. |       53   1983   63.72631   7.189419     29.63   1.547329   1.547329 |
1402. |       53   1984   66.46038   8.851795     41.97   1.623097   1.623097 |
1415. |       53   1985   69.47206   9.391877     50.07   1.743611   1.743611 |
1421. |       53   1986   72.58147   9.778724     55.66   1.863463   1.863463 |
1430. |       53   1987   76.04208   10.42844     59.75   1.970292   1.970292 |
1439. |       53   1988   80.78306   12.04101     77.51    2.17325    2.17325 |
1449. |       53   1989   84.46919   11.44131      79.9   2.410197   2.410197 |
1461. |       53   1990   89.71491   13.35476     89.25   2.363971   2.363971 |
1472. |       53   1991   101.5047   20.40242    150.37     2.5237     2.5237 |
1481. |       53   1992    117.949   26.18875    208.41   2.727793   2.727793 |
1487. |       53   1993   135.4263   28.80041    287.57   3.067727   3.067727 |
1496. |       53   1994   153.2901   30.86473       334   3.327122   3.327122 |
1505. |       53   1995   171.7905   33.21625    395.03   3.428387   3.428387 |
1517. |       53   1996     192.73   37.43139    465.05   3.622038   3.622038 |
1525. |       53   1997   216.4794   42.25148    549.42   3.682858   3.682858 |
1530. |       53   1998   248.0619   52.36452    689.35   3.712064   3.712064 |
1544. |       53   1999   278.7123   54.46435    720.87    3.71436    3.71436 |
1553. |       53   2000   304.1126   52.15668    701.43   3.792249   3.792249 |
1557. |       53   2001   329.9763   55.05849    747.86   3.874342   3.874342 |
1571. |       53   2002   359.3851   61.08654    829.74   3.885863   3.885863 |
1574. |       53   2003   399.1747   74.29058   1031.39   3.924387   3.924387 |
1589. |       53   2004   451.0929   90.23895   1352.78   4.056113   4.056113 |
      +-----------------------------------------------------------------------+

. 
. la var ktotal "real total capital stock, 1952 price"

. la var provcode "official province code"

. la var year "year"

. keep provcode year ktotal cipi 

. order provcode year ktotal cipi

. compress

. sort provcode year

. save cipi, replace
file cipi.dta saved

. d

Contains data from cipi.dta
  obs:         1,590                          
 vars:             4                          2 Mar 2013 18:37
 size:        17,490                          
-------------------------------------------------------------------------------------------------------------------------------
              storage  display     value
variable name   type   format      label      variable label
-------------------------------------------------------------------------------------------------------------------------------
provcode        byte   %8.0g                  official province code
year            int    %8.0g                  year
ktotal          float  %9.0g                  real total capital stock, 1952 price
cipi            float  %9.0g                  compound investment price index from 1952 to t
-------------------------------------------------------------------------------------------------------------------------------
Sorted by:  provcode  year

. sum

    Variable |       Obs        Mean    Std. Dev.       Min        Max
-------------+--------------------------------------------------------
    provcode |      1590        38.5    16.55563         11         65
        year |      1590        1978    15.30187       1952       2004
      ktotal |      1590    498.9908    1039.658        1.7     9778.5
        cipi |      1590    1.762311     1.21845   .3502049   6.987722

. 
. log close
      name:  <unnamed>
       log:  D:\user-archive\alice\ipi estimation\cipi.log
  log type:  text
 closed on:   2 Mar 2013, 18:37:27
-------------------------------------------------------------------------------------------------------------------------------
