----------------------------------------------------------------------------------
      name:  <unnamed>
       log:  F:\data3\ABM\R21_yr1\csv_files\threshold.log
  log type:  text
 opened on:  12 Apr 2015, 19:06:47

. set more off

. 
. * threshold.do  April 2015
. * nonmigrant population negative growth 
. * start with any data in memory
. use indiv_1

. keep if _n<61
(313295 observations deleted)

. gen t=_n

. 
. * negative growth rate
. gen r=(log(242745)-log(270744))/60

. sum r

    Variable |       Obs        Mean    Std. Dev.       Min        Max
-------------+--------------------------------------------------------
           r |        60   -.0018194           0  -.0018194  -.0018194

. 
. * monthly varying threshold
. gen tau=exp(r*t)

. list t tau, sep(0)

     +---------------+
     |  t        tau |
     |---------------|
  1. |  1   .9981823 |
  2. |  2   .9963679 |
  3. |  3   .9945568 |
  4. |  4   .9927489 |
  5. |  5   .9909444 |
  6. |  6   .9891431 |
  7. |  7   .9873452 |
  8. |  8   .9855505 |
  9. |  9    .983759 |
 10. | 10   .9819708 |
 11. | 11   .9801859 |
 12. | 12   .9784042 |
 13. | 13   .9766257 |
 14. | 14   .9748505 |
 15. | 15   .9730785 |
 16. | 16   .9713097 |
 17. | 17   .9695441 |
 18. | 18   .9677818 |
 19. | 19   .9660226 |
 20. | 20   .9642667 |
 21. | 21   .9625139 |
 22. | 22   .9607643 |
 23. | 23   .9590179 |
 24. | 24   .9572747 |
 25. | 25   .9555346 |
 26. | 26   .9537978 |
 27. | 27    .952064 |
 28. | 28   .9503334 |
 29. | 29    .948606 |
 30. | 30   .9468817 |
 31. | 31   .9451606 |
 32. | 32   .9434425 |
 33. | 33   .9417276 |
 34. | 34   .9400158 |
 35. | 35   .9383071 |
 36. | 36   .9366016 |
 37. | 37   .9348991 |
 38. | 38   .9331997 |
 39. | 39   .9315034 |
 40. | 40   .9298102 |
 41. | 41   .9281201 |
 42. | 42    .926433 |
 43. | 43    .924749 |
 44. | 44   .9230681 |
 45. | 45   .9213902 |
 46. | 46   .9197154 |
 47. | 47   .9180436 |
 48. | 48   .9163749 |
 49. | 49   .9147092 |
 50. | 50   .9130465 |
 51. | 51   .9113868 |
 52. | 52   .9097301 |
 53. | 53   .9080765 |
 54. | 54   .9064259 |
 55. | 55   .9047783 |
 56. | 56   .9031336 |
 57. | 57    .901492 |
 58. | 58   .8998533 |
 59. | 59   .8982177 |
 60. | 60    .896585 |
     +---------------+

. 
. log close
      name:  <unnamed>
       log:  F:\data3\ABM\R21_yr1\csv_files\threshold.log
  log type:  text
 closed on:  12 Apr 2015, 19:06:47
----------------------------------------------------------------------------------
